2020-06-11 12:56:36,769 [INFO] com.inventory.InventoryApplication [restartedMain] Starting InventoryApplication on JavaFSD103 with PID 10656 (C:\Users\ctsjavafsd21\git\springbootInventory\sprigbootinventory\target\classes started by ctsjavafsd21 in C:\Users\ctsjavafsd21\git\springbootInventory\sprigbootinventory)
2020-06-11 12:56:36,770 [INFO] com.inventory.InventoryApplication [restartedMain] No active profile set, falling back to default profiles: default
2020-06-11 12:56:37,211 [INFO] org.springframework.data.repository.config.RepositoryConfigurationDelegate [restartedMain] Multiple Spring Data modules found, entering strict repository configuration mode!
2020-06-11 12:56:37,214 [INFO] org.springframework.data.repository.config.RepositoryConfigurationDelegate [restartedMain] Bootstrapping Spring Data repositories in DEFAULT mode.
2020-06-11 12:56:37,219 [INFO] org.springframework.data.repository.config.RepositoryConfigurationExtensionSupport [restartedMain] Spring Data JDBC - Could not safely identify store assignment for repository candidate interface com.inventory.repository.InventoryRepository. If you want this repository to be a JDBC repository, consider annotating your entities with one of these annotations: org.springframework.data.relational.core.mapping.Table.
2020-06-11 12:56:37,220 [INFO] org.springframework.data.repository.config.RepositoryConfigurationDelegate [restartedMain] Finished Spring Data repository scanning in 5ms. Found 0 repository interfaces.
2020-06-11 12:56:37,224 [INFO] org.springframework.data.repository.config.RepositoryConfigurationDelegate [restartedMain] Multiple Spring Data modules found, entering strict repository configuration mode!
2020-06-11 12:56:37,224 [INFO] org.springframework.data.repository.config.RepositoryConfigurationDelegate [restartedMain] Bootstrapping Spring Data repositories in DEFAULT mode.
2020-06-11 12:56:37,231 [INFO] org.springframework.data.repository.config.RepositoryConfigurationDelegate [restartedMain] Finished Spring Data repository scanning in 6ms. Found 1 repository interfaces.
2020-06-11 12:56:37,233 [INFO] org.springframework.data.repository.config.RepositoryConfigurationDelegate [restartedMain] Multiple Spring Data modules found, entering strict repository configuration mode!
2020-06-11 12:56:37,234 [INFO] org.springframework.data.repository.config.RepositoryConfigurationDelegate [restartedMain] Bootstrapping Spring Data repositories in DEFAULT mode.
2020-06-11 12:56:37,237 [INFO] org.springframework.data.repository.config.RepositoryConfigurationExtensionSupport [restartedMain] Spring Data Redis - Could not safely identify store assignment for repository candidate interface com.inventory.repository.InventoryRepository. If you want this repository to be a Redis repository, consider annotating your entities with one of these annotations: org.springframework.data.redis.core.RedisHash (preferred), or consider extending one of the following types with your repository: org.springframework.data.keyvalue.repository.KeyValueRepository.
2020-06-11 12:56:37,237 [INFO] org.springframework.data.repository.config.RepositoryConfigurationDelegate [restartedMain] Finished Spring Data repository scanning in 2ms. Found 0 repository interfaces.
2020-06-11 12:56:37,304 [INFO] org.springframework.context.support.PostProcessorRegistrationDelegate$BeanPostProcessorChecker [restartedMain] Bean 'org.springframework.transaction.annotation.ProxyTransactionManagementConfiguration' of type [org.springframework.transaction.annotation.ProxyTransactionManagementConfiguration] is not eligible for getting processed by all BeanPostProcessors (for example: not eligible for auto-proxying)
2020-06-11 12:56:37,340 [WARN] org.apache.tomcat.util.modeler.Registry [restartedMain] The MBean registry cannot be disabled because it has already been initialised
2020-06-11 12:56:37,366 [INFO] org.springframework.boot.web.embedded.tomcat.TomcatWebServer [restartedMain] Tomcat initialized with port(s): 8080 (http)
2020-06-11 12:56:37,367 [INFO] org.apache.catalina.core.StandardService [restartedMain] Starting service [Tomcat]
2020-06-11 12:56:37,367 [INFO] org.apache.catalina.core.StandardEngine [restartedMain] Starting Servlet engine: [Apache Tomcat/9.0.27]
2020-06-11 12:56:37,393 [INFO] org.apache.catalina.core.ContainerBase.[Tomcat].[localhost].[/] [restartedMain] Initializing Spring embedded WebApplicationContext
2020-06-11 12:56:37,393 [INFO] org.springframework.web.context.ContextLoader [restartedMain] Root WebApplicationContext: initialization completed in 618 ms
2020-06-11 12:56:37,450 [INFO] org.hibernate.jpa.internal.util.LogHelper [restartedMain] HHH000204: Processing PersistenceUnitInfo [name: default]
2020-06-11 12:56:37,457 [INFO] com.zaxxer.hikari.HikariDataSource [restartedMain] HikariPool-5 - Starting...
2020-06-11 12:56:37,465 [INFO] com.zaxxer.hikari.HikariDataSource [restartedMain] HikariPool-5 - Start completed.
2020-06-11 12:56:37,466 [INFO] org.hibernate.dialect.Dialect [restartedMain] HHH000400: Using dialect: org.hibernate.dialect.MySQL5InnoDBDialect
2020-06-11 12:56:37,503 [INFO] org.hibernate.engine.transaction.jta.platform.internal.JtaPlatformInitiator [restartedMain] HHH000490: Using JtaPlatform implementation: [org.hibernate.engine.transaction.jta.platform.internal.NoJtaPlatform]
2020-06-11 12:56:37,504 [INFO] org.springframework.orm.jpa.LocalContainerEntityManagerFactoryBean [restartedMain] Initialized JPA EntityManagerFactory for persistence unit 'default'
2020-06-11 12:56:37,517 [INFO] org.springframework.boot.devtools.autoconfigure.OptionalLiveReloadServer [restartedMain] LiveReload server is running on port 35729
2020-06-11 12:56:37,637 [WARN] org.springframework.boot.autoconfigure.orm.jpa.JpaBaseConfiguration$JpaWebConfiguration [restartedMain] spring.jpa.open-in-view is enabled by default. Therefore, database queries may be performed during view rendering. Explicitly configure spring.jpa.open-in-view to disable this warning
2020-06-11 12:56:37,725 [INFO] org.springframework.scheduling.concurrent.ThreadPoolTaskExecutor [restartedMain] Initializing ExecutorService 'applicationTaskExecutor'
2020-06-11 12:56:37,817 [INFO] org.springframework.security.web.DefaultSecurityFilterChain [restartedMain] Creating filter chain: any request, [org.springframework.security.web.context.request.async.WebAsyncManagerIntegrationFilter@5d5eb8d7, org.springframework.security.web.context.SecurityContextPersistenceFilter@2a699723, org.springframework.security.web.header.HeaderWriterFilter@5299ca4, org.springframework.security.web.csrf.CsrfFilter@2e9332e6, org.springframework.security.web.authentication.logout.LogoutFilter@290ca4ce, org.springframework.security.web.authentication.UsernamePasswordAuthenticationFilter@572cfcf2, org.springframework.security.web.authentication.ui.DefaultLoginPageGeneratingFilter@240cb8a9, org.springframework.security.web.authentication.ui.DefaultLogoutPageGeneratingFilter@43df3b81, org.springframework.security.web.authentication.www.BasicAuthenticationFilter@38c635d0, org.springframework.security.web.savedrequest.RequestCacheAwareFilter@2409fa8f, org.springframework.security.web.servletapi.SecurityContextHolderAwareRequestFilter@6d8c9e16, org.springframework.security.web.authentication.AnonymousAuthenticationFilter@73a48464, org.springframework.security.web.session.SessionManagementFilter@1dda927c, org.springframework.security.web.access.ExceptionTranslationFilter@4319aef7, org.springframework.security.web.access.intercept.FilterSecurityInterceptor@3824c76a]
2020-06-11 12:56:37,841 [INFO] springfox.documentation.spring.web.plugins.DocumentationPluginsBootstrapper [restartedMain] Context refreshed
2020-06-11 12:56:37,842 [INFO] springfox.documentation.spring.web.plugins.DocumentationPluginsBootstrapper [restartedMain] Found 1 custom documentation plugin(s)
2020-06-11 12:56:37,846 [INFO] springfox.documentation.spring.web.scanners.ApiListingReferenceScanner [restartedMain] Scanning for api listing references
2020-06-11 12:56:37,877 [INFO] org.springframework.boot.web.embedded.tomcat.TomcatWebServer [restartedMain] Tomcat started on port(s): 8080 (http) with context path ''
2020-06-11 12:56:37,878 [INFO] com.inventory.InventoryApplication [restartedMain] Started InventoryApplication in 1.172 seconds (JVM running for 1651.259)
2020-06-11 12:56:37,880 [INFO] org.springframework.boot.devtools.autoconfigure.ConditionEvaluationDeltaLoggingListener [restartedMain] Condition evaluation unchanged
2020-06-11 12:57:27,754 [INFO] org.apache.catalina.core.ContainerBase.[Tomcat].[localhost].[/] [http-nio-8080-exec-1] Initializing Spring DispatcherServlet 'dispatcherServlet'
2020-06-11 12:57:27,758 [INFO] org.springframework.web.servlet.DispatcherServlet [http-nio-8080-exec-1] Initializing Servlet 'dispatcherServlet'
2020-06-11 12:57:27,762 [INFO] org.springframework.web.servlet.DispatcherServlet [http-nio-8080-exec-1] Completed initialization in 4 ms
2020-06-11 12:57:27,765 [INFO] com.inventory.controller.InventoryController [http-nio-8080-exec-1] Inside get all inventories
2020-06-11 12:59:34,375 [INFO] com.inventory.InventoryApplication [restartedMain] Starting InventoryApplication on JavaFSD103 with PID 6968 (C:\Users\ctsjavafsd21\git\springbootInventory\sprigbootinventory\target\classes started by ctsjavafsd21 in C:\Users\ctsjavafsd21\git\springbootInventory\sprigbootinventory)
2020-06-11 12:59:34,378 [INFO] com.inventory.InventoryApplication [restartedMain] No active profile set, falling back to default profiles: default
2020-06-11 12:59:34,462 [INFO] org.springframework.boot.devtools.restart.ChangeableUrls [restartedMain] The Class-Path manifest attribute in C:\Users\ctsjavafsd21\.m2\repository\org\glassfish\jaxb\jaxb-runtime\2.3.2\jaxb-runtime-2.3.2.jar referenced one or more files that do not exist: file:/C:/Users/ctsjavafsd21/.m2/repository/org/glassfish/jaxb/jaxb-runtime/2.3.2/jakarta.xml.bind-api-2.3.2.jar,file:/C:/Users/ctsjavafsd21/.m2/repository/org/glassfish/jaxb/jaxb-runtime/2.3.2/txw2-2.3.2.jar,file:/C:/Users/ctsjavafsd21/.m2/repository/org/glassfish/jaxb/jaxb-runtime/2.3.2/istack-commons-runtime-3.0.8.jar,file:/C:/Users/ctsjavafsd21/.m2/repository/org/glassfish/jaxb/jaxb-runtime/2.3.2/stax-ex-1.8.1.jar,file:/C:/Users/ctsjavafsd21/.m2/repository/org/glassfish/jaxb/jaxb-runtime/2.3.2/FastInfoset-1.2.16.jar,file:/C:/Users/ctsjavafsd21/.m2/repository/org/glassfish/jaxb/jaxb-runtime/2.3.2/jakarta.activation-api-1.2.1.jar
2020-06-11 12:59:34,464 [INFO] org.springframework.boot.devtools.env.DevToolsPropertyDefaultsPostProcessor [restartedMain] Devtools property defaults active! Set 'spring.devtools.add-properties' to 'false' to disable
2020-06-11 12:59:34,464 [INFO] org.springframework.boot.devtools.env.DevToolsPropertyDefaultsPostProcessor [restartedMain] For additional web related logging consider setting the 'logging.level.web' property to 'DEBUG'
2020-06-11 12:59:35,620 [INFO] org.springframework.data.repository.config.RepositoryConfigurationDelegate [restartedMain] Multiple Spring Data modules found, entering strict repository configuration mode!
2020-06-11 12:59:35,621 [INFO] org.springframework.data.repository.config.RepositoryConfigurationDelegate [restartedMain] Bootstrapping Spring Data repositories in DEFAULT mode.
2020-06-11 12:59:35,662 [INFO] org.springframework.data.repository.config.RepositoryConfigurationExtensionSupport [restartedMain] Spring Data JDBC - Could not safely identify store assignment for repository candidate interface com.inventory.repository.InventoryRepository. If you want this repository to be a JDBC repository, consider annotating your entities with one of these annotations: org.springframework.data.relational.core.mapping.Table.
2020-06-11 12:59:35,666 [INFO] org.springframework.data.repository.config.RepositoryConfigurationDelegate [restartedMain] Finished Spring Data repository scanning in 41ms. Found 0 repository interfaces.
2020-06-11 12:59:35,679 [INFO] org.springframework.data.repository.config.RepositoryConfigurationDelegate [restartedMain] Multiple Spring Data modules found, entering strict repository configuration mode!
2020-06-11 12:59:35,679 [INFO] org.springframework.data.repository.config.RepositoryConfigurationDelegate [restartedMain] Bootstrapping Spring Data repositories in DEFAULT mode.
2020-06-11 12:59:35,707 [INFO] org.springframework.data.repository.config.RepositoryConfigurationDelegate [restartedMain] Finished Spring Data repository scanning in 25ms. Found 1 repository interfaces.
2020-06-11 12:59:35,721 [INFO] org.springframework.data.repository.config.RepositoryConfigurationDelegate [restartedMain] Multiple Spring Data modules found, entering strict repository configuration mode!
2020-06-11 12:59:35,722 [INFO] org.springframework.data.repository.config.RepositoryConfigurationDelegate [restartedMain] Bootstrapping Spring Data repositories in DEFAULT mode.
2020-06-11 12:59:35,735 [INFO] org.springframework.data.repository.config.RepositoryConfigurationExtensionSupport [restartedMain] Spring Data Redis - Could not safely identify store assignment for repository candidate interface com.inventory.repository.InventoryRepository. If you want this repository to be a Redis repository, consider annotating your entities with one of these annotations: org.springframework.data.redis.core.RedisHash (preferred), or consider extending one of the following types with your repository: org.springframework.data.keyvalue.repository.KeyValueRepository.
2020-06-11 12:59:35,735 [INFO] org.springframework.data.repository.config.RepositoryConfigurationDelegate [restartedMain] Finished Spring Data repository scanning in 4ms. Found 0 repository interfaces.
2020-06-11 12:59:36,118 [INFO] org.springframework.context.support.PostProcessorRegistrationDelegate$BeanPostProcessorChecker [restartedMain] Bean 'org.springframework.transaction.annotation.ProxyTransactionManagementConfiguration' of type [org.springframework.transaction.annotation.ProxyTransactionManagementConfiguration] is not eligible for getting processed by all BeanPostProcessors (for example: not eligible for auto-proxying)
2020-06-11 12:59:36,604 [INFO] org.springframework.boot.web.embedded.tomcat.TomcatWebServer [restartedMain] Tomcat initialized with port(s): 8080 (http)
2020-06-11 12:59:36,619 [INFO] org.apache.catalina.core.StandardService [restartedMain] Starting service [Tomcat]
2020-06-11 12:59:36,621 [INFO] org.apache.catalina.core.StandardEngine [restartedMain] Starting Servlet engine: [Apache Tomcat/9.0.27]
2020-06-11 12:59:36,827 [INFO] org.apache.catalina.core.ContainerBase.[Tomcat].[localhost].[/] [restartedMain] Initializing Spring embedded WebApplicationContext
2020-06-11 12:59:36,830 [INFO] org.springframework.web.context.ContextLoader [restartedMain] Root WebApplicationContext: initialization completed in 2365 ms
2020-06-11 12:59:37,122 [INFO] org.hibernate.jpa.internal.util.LogHelper [restartedMain] HHH000204: Processing PersistenceUnitInfo [name: default]
2020-06-11 12:59:37,273 [INFO] org.hibernate.Version [restartedMain] HHH000412: Hibernate Core {5.4.8.Final}
2020-06-11 12:59:37,527 [INFO] org.hibernate.annotations.common.Version [restartedMain] HCANN000001: Hibernate Commons Annotations {5.1.0.Final}
2020-06-11 12:59:37,699 [INFO] com.zaxxer.hikari.HikariDataSource [restartedMain] HikariPool-1 - Starting...
2020-06-11 12:59:37,928 [INFO] com.zaxxer.hikari.HikariDataSource [restartedMain] HikariPool-1 - Start completed.
2020-06-11 12:59:37,954 [INFO] org.hibernate.dialect.Dialect [restartedMain] HHH000400: Using dialect: org.hibernate.dialect.MySQL5InnoDBDialect
2020-06-11 12:59:38,842 [INFO] org.hibernate.engine.transaction.jta.platform.internal.JtaPlatformInitiator [restartedMain] HHH000490: Using JtaPlatform implementation: [org.hibernate.engine.transaction.jta.platform.internal.NoJtaPlatform]
2020-06-11 12:59:38,851 [INFO] org.springframework.orm.jpa.LocalContainerEntityManagerFactoryBean [restartedMain] Initialized JPA EntityManagerFactory for persistence unit 'default'
2020-06-11 12:59:38,891 [WARN] org.springframework.boot.devtools.autoconfigure.OptionalLiveReloadServer [restartedMain] Unable to start LiveReload server
2020-06-11 12:59:39,596 [WARN] org.springframework.boot.autoconfigure.orm.jpa.JpaBaseConfiguration$JpaWebConfiguration [restartedMain] spring.jpa.open-in-view is enabled by default. Therefore, database queries may be performed during view rendering. Explicitly configure spring.jpa.open-in-view to disable this warning
2020-06-11 12:59:39,864 [INFO] org.springframework.scheduling.concurrent.ThreadPoolTaskExecutor [restartedMain] Initializing ExecutorService 'applicationTaskExecutor'
2020-06-11 12:59:40,298 [INFO] org.springframework.security.web.DefaultSecurityFilterChain [restartedMain] Creating filter chain: any request, [org.springframework.security.web.context.request.async.WebAsyncManagerIntegrationFilter@68c79a97, org.springframework.security.web.context.SecurityContextPersistenceFilter@53f420f3, org.springframework.security.web.header.HeaderWriterFilter@3e338819, org.springframework.security.web.csrf.CsrfFilter@6e9d756e, org.springframework.security.web.authentication.logout.LogoutFilter@47c46755, org.springframework.security.web.authentication.UsernamePasswordAuthenticationFilter@e524978, org.springframework.security.web.authentication.ui.DefaultLoginPageGeneratingFilter@41b155ef, org.springframework.security.web.authentication.ui.DefaultLogoutPageGeneratingFilter@4702218a, org.springframework.security.web.authentication.www.BasicAuthenticationFilter@46064874, org.springframework.security.web.savedrequest.RequestCacheAwareFilter@2dd605ee, org.springframework.security.web.servletapi.SecurityContextHolderAwareRequestFilter@2cb4580c, org.springframework.security.web.authentication.AnonymousAuthenticationFilter@14206a26, org.springframework.security.web.session.SessionManagementFilter@58452eb1, org.springframework.security.web.access.ExceptionTranslationFilter@497ec331, org.springframework.security.web.access.intercept.FilterSecurityInterceptor@4fa5eabb]
2020-06-11 12:59:40,347 [INFO] springfox.documentation.spring.web.plugins.DocumentationPluginsBootstrapper [restartedMain] Context refreshed
2020-06-11 12:59:40,372 [INFO] springfox.documentation.spring.web.plugins.DocumentationPluginsBootstrapper [restartedMain] Found 1 custom documentation plugin(s)
2020-06-11 12:59:40,388 [INFO] springfox.documentation.spring.web.scanners.ApiListingReferenceScanner [restartedMain] Scanning for api listing references
2020-06-11 12:59:40,596 [INFO] org.apache.catalina.core.StandardService [restartedMain] Stopping service [Tomcat]
2020-06-11 12:59:40,604 [INFO] org.springframework.boot.autoconfigure.logging.ConditionEvaluationReportLoggingListener [restartedMain] 

Error starting ApplicationContext. To display the conditions report re-run your application with 'debug' enabled.
2020-06-11 12:59:40,610 [ERROR] org.springframework.boot.diagnostics.LoggingFailureAnalysisReporter [restartedMain] 

***************************
APPLICATION FAILED TO START
***************************

Description:

Web server failed to start. Port 8080 was already in use.

Action:

Identify and stop the process that's listening on port 8080 or configure this application to listen on another port.

2020-06-11 12:59:40,615 [INFO] org.springframework.scheduling.concurrent.ThreadPoolTaskExecutor [restartedMain] Shutting down ExecutorService 'applicationTaskExecutor'
2020-06-11 12:59:40,617 [INFO] org.springframework.orm.jpa.LocalContainerEntityManagerFactoryBean [restartedMain] Closing JPA EntityManagerFactory for persistence unit 'default'
2020-06-11 12:59:40,621 [INFO] com.zaxxer.hikari.HikariDataSource [restartedMain] HikariPool-1 - Shutdown initiated...
2020-06-11 12:59:40,636 [INFO] com.zaxxer.hikari.HikariDataSource [restartedMain] HikariPool-1 - Shutdown completed.
2020-06-11 12:59:54,150 [INFO] org.springframework.boot.admin.SpringApplicationAdminMXBeanRegistrar$SpringApplicationAdmin [RMI TCP Connection(2)-127.0.0.1] Application shutdown requested.
2020-06-11 12:59:54,154 [INFO] org.springframework.scheduling.concurrent.ThreadPoolTaskExecutor [RMI TCP Connection(2)-127.0.0.1] Shutting down ExecutorService 'applicationTaskExecutor'
2020-06-11 12:59:54,155 [INFO] org.springframework.orm.jpa.LocalContainerEntityManagerFactoryBean [RMI TCP Connection(2)-127.0.0.1] Closing JPA EntityManagerFactory for persistence unit 'default'
2020-06-11 12:59:54,157 [INFO] com.zaxxer.hikari.HikariDataSource [RMI TCP Connection(2)-127.0.0.1] HikariPool-5 - Shutdown initiated...
2020-06-11 12:59:54,167 [INFO] com.zaxxer.hikari.HikariDataSource [RMI TCP Connection(2)-127.0.0.1] HikariPool-5 - Shutdown completed.
2020-06-11 13:00:08,098 [INFO] com.inventory.InventoryApplication [restartedMain] Starting InventoryApplication on JavaFSD103 with PID 5260 (C:\Users\ctsjavafsd21\git\springbootInventory\sprigbootinventory\target\classes started by ctsjavafsd21 in C:\Users\ctsjavafsd21\git\springbootInventory\sprigbootinventory)
2020-06-11 13:00:08,102 [INFO] com.inventory.InventoryApplication [restartedMain] No active profile set, falling back to default profiles: default
2020-06-11 13:00:08,205 [INFO] org.springframework.boot.devtools.restart.ChangeableUrls [restartedMain] The Class-Path manifest attribute in C:\Users\ctsjavafsd21\.m2\repository\org\glassfish\jaxb\jaxb-runtime\2.3.2\jaxb-runtime-2.3.2.jar referenced one or more files that do not exist: file:/C:/Users/ctsjavafsd21/.m2/repository/org/glassfish/jaxb/jaxb-runtime/2.3.2/jakarta.xml.bind-api-2.3.2.jar,file:/C:/Users/ctsjavafsd21/.m2/repository/org/glassfish/jaxb/jaxb-runtime/2.3.2/txw2-2.3.2.jar,file:/C:/Users/ctsjavafsd21/.m2/repository/org/glassfish/jaxb/jaxb-runtime/2.3.2/istack-commons-runtime-3.0.8.jar,file:/C:/Users/ctsjavafsd21/.m2/repository/org/glassfish/jaxb/jaxb-runtime/2.3.2/stax-ex-1.8.1.jar,file:/C:/Users/ctsjavafsd21/.m2/repository/org/glassfish/jaxb/jaxb-runtime/2.3.2/FastInfoset-1.2.16.jar,file:/C:/Users/ctsjavafsd21/.m2/repository/org/glassfish/jaxb/jaxb-runtime/2.3.2/jakarta.activation-api-1.2.1.jar
2020-06-11 13:00:08,210 [INFO] org.springframework.boot.devtools.env.DevToolsPropertyDefaultsPostProcessor [restartedMain] Devtools property defaults active! Set 'spring.devtools.add-properties' to 'false' to disable
2020-06-11 13:00:08,210 [INFO] org.springframework.boot.devtools.env.DevToolsPropertyDefaultsPostProcessor [restartedMain] For additional web related logging consider setting the 'logging.level.web' property to 'DEBUG'
2020-06-11 13:00:09,357 [INFO] org.springframework.data.repository.config.RepositoryConfigurationDelegate [restartedMain] Multiple Spring Data modules found, entering strict repository configuration mode!
2020-06-11 13:00:09,358 [INFO] org.springframework.data.repository.config.RepositoryConfigurationDelegate [restartedMain] Bootstrapping Spring Data repositories in DEFAULT mode.
2020-06-11 13:00:09,397 [INFO] org.springframework.data.repository.config.RepositoryConfigurationExtensionSupport [restartedMain] Spring Data JDBC - Could not safely identify store assignment for repository candidate interface com.inventory.repository.InventoryRepository. If you want this repository to be a JDBC repository, consider annotating your entities with one of these annotations: org.springframework.data.relational.core.mapping.Table.
2020-06-11 13:00:09,397 [INFO] org.springframework.data.repository.config.RepositoryConfigurationDelegate [restartedMain] Finished Spring Data repository scanning in 34ms. Found 0 repository interfaces.
2020-06-11 13:00:09,409 [INFO] org.springframework.data.repository.config.RepositoryConfigurationDelegate [restartedMain] Multiple Spring Data modules found, entering strict repository configuration mode!
2020-06-11 13:00:09,410 [INFO] org.springframework.data.repository.config.RepositoryConfigurationDelegate [restartedMain] Bootstrapping Spring Data repositories in DEFAULT mode.
2020-06-11 13:00:09,446 [INFO] org.springframework.data.repository.config.RepositoryConfigurationDelegate [restartedMain] Finished Spring Data repository scanning in 30ms. Found 1 repository interfaces.
2020-06-11 13:00:09,470 [INFO] org.springframework.data.repository.config.RepositoryConfigurationDelegate [restartedMain] Multiple Spring Data modules found, entering strict repository configuration mode!
2020-06-11 13:00:09,472 [INFO] org.springframework.data.repository.config.RepositoryConfigurationDelegate [restartedMain] Bootstrapping Spring Data repositories in DEFAULT mode.
2020-06-11 13:00:09,487 [INFO] org.springframework.data.repository.config.RepositoryConfigurationExtensionSupport [restartedMain] Spring Data Redis - Could not safely identify store assignment for repository candidate interface com.inventory.repository.InventoryRepository. If you want this repository to be a Redis repository, consider annotating your entities with one of these annotations: org.springframework.data.redis.core.RedisHash (preferred), or consider extending one of the following types with your repository: org.springframework.data.keyvalue.repository.KeyValueRepository.
2020-06-11 13:00:09,488 [INFO] org.springframework.data.repository.config.RepositoryConfigurationDelegate [restartedMain] Finished Spring Data repository scanning in 6ms. Found 0 repository interfaces.
2020-06-11 13:00:09,858 [INFO] org.springframework.context.support.PostProcessorRegistrationDelegate$BeanPostProcessorChecker [restartedMain] Bean 'org.springframework.transaction.annotation.ProxyTransactionManagementConfiguration' of type [org.springframework.transaction.annotation.ProxyTransactionManagementConfiguration] is not eligible for getting processed by all BeanPostProcessors (for example: not eligible for auto-proxying)
2020-06-11 13:00:10,163 [INFO] org.springframework.boot.web.embedded.tomcat.TomcatWebServer [restartedMain] Tomcat initialized with port(s): 8080 (http)
2020-06-11 13:00:10,173 [INFO] org.apache.catalina.core.StandardService [restartedMain] Starting service [Tomcat]
2020-06-11 13:00:10,173 [INFO] org.apache.catalina.core.StandardEngine [restartedMain] Starting Servlet engine: [Apache Tomcat/9.0.27]
2020-06-11 13:00:10,294 [INFO] org.apache.catalina.core.ContainerBase.[Tomcat].[localhost].[/] [restartedMain] Initializing Spring embedded WebApplicationContext
2020-06-11 13:00:10,294 [INFO] org.springframework.web.context.ContextLoader [restartedMain] Root WebApplicationContext: initialization completed in 2084 ms
2020-06-11 13:00:10,546 [INFO] org.hibernate.jpa.internal.util.LogHelper [restartedMain] HHH000204: Processing PersistenceUnitInfo [name: default]
2020-06-11 13:00:10,611 [INFO] org.hibernate.Version [restartedMain] HHH000412: Hibernate Core {5.4.8.Final}
2020-06-11 13:00:10,742 [INFO] org.hibernate.annotations.common.Version [restartedMain] HCANN000001: Hibernate Commons Annotations {5.1.0.Final}
2020-06-11 13:00:10,848 [INFO] com.zaxxer.hikari.HikariDataSource [restartedMain] HikariPool-1 - Starting...
2020-06-11 13:00:10,982 [INFO] com.zaxxer.hikari.HikariDataSource [restartedMain] HikariPool-1 - Start completed.
2020-06-11 13:00:10,995 [INFO] org.hibernate.dialect.Dialect [restartedMain] HHH000400: Using dialect: org.hibernate.dialect.MySQL5InnoDBDialect
2020-06-11 13:00:11,631 [INFO] org.hibernate.engine.transaction.jta.platform.internal.JtaPlatformInitiator [restartedMain] HHH000490: Using JtaPlatform implementation: [org.hibernate.engine.transaction.jta.platform.internal.NoJtaPlatform]
2020-06-11 13:00:11,638 [INFO] org.springframework.orm.jpa.LocalContainerEntityManagerFactoryBean [restartedMain] Initialized JPA EntityManagerFactory for persistence unit 'default'
2020-06-11 13:00:11,676 [INFO] org.springframework.boot.devtools.autoconfigure.OptionalLiveReloadServer [restartedMain] LiveReload server is running on port 35729
2020-06-11 13:00:12,240 [WARN] org.springframework.boot.autoconfigure.orm.jpa.JpaBaseConfiguration$JpaWebConfiguration [restartedMain] spring.jpa.open-in-view is enabled by default. Therefore, database queries may be performed during view rendering. Explicitly configure spring.jpa.open-in-view to disable this warning
2020-06-11 13:00:12,483 [INFO] org.springframework.scheduling.concurrent.ThreadPoolTaskExecutor [restartedMain] Initializing ExecutorService 'applicationTaskExecutor'
2020-06-11 13:00:12,874 [INFO] org.springframework.security.web.DefaultSecurityFilterChain [restartedMain] Creating filter chain: any request, [org.springframework.security.web.context.request.async.WebAsyncManagerIntegrationFilter@17db8116, org.springframework.security.web.context.SecurityContextPersistenceFilter@2f79702, org.springframework.security.web.header.HeaderWriterFilter@3096b339, org.springframework.security.web.csrf.CsrfFilter@3dd883c9, org.springframework.security.web.authentication.logout.LogoutFilter@5067e2f8, org.springframework.security.web.authentication.UsernamePasswordAuthenticationFilter@1b9c3954, org.springframework.security.web.authentication.ui.DefaultLoginPageGeneratingFilter@71222947, org.springframework.security.web.authentication.ui.DefaultLogoutPageGeneratingFilter@49bb64ed, org.springframework.security.web.authentication.www.BasicAuthenticationFilter@7cb35320, org.springframework.security.web.savedrequest.RequestCacheAwareFilter@f70f166, org.springframework.security.web.servletapi.SecurityContextHolderAwareRequestFilter@32de0fa9, org.springframework.security.web.authentication.AnonymousAuthenticationFilter@f7acf87, org.springframework.security.web.session.SessionManagementFilter@231ae87d, org.springframework.security.web.access.ExceptionTranslationFilter@142e8f3, org.springframework.security.web.access.intercept.FilterSecurityInterceptor@763e99c2]
2020-06-11 13:00:12,921 [INFO] springfox.documentation.spring.web.plugins.DocumentationPluginsBootstrapper [restartedMain] Context refreshed
2020-06-11 13:00:12,938 [INFO] springfox.documentation.spring.web.plugins.DocumentationPluginsBootstrapper [restartedMain] Found 1 custom documentation plugin(s)
2020-06-11 13:00:12,952 [INFO] springfox.documentation.spring.web.scanners.ApiListingReferenceScanner [restartedMain] Scanning for api listing references
2020-06-11 13:00:13,164 [INFO] org.springframework.boot.web.embedded.tomcat.TomcatWebServer [restartedMain] Tomcat started on port(s): 8080 (http) with context path ''
2020-06-11 13:00:13,169 [INFO] com.inventory.InventoryApplication [restartedMain] Started InventoryApplication in 5.457 seconds (JVM running for 6.515)
2020-06-11 13:00:26,262 [INFO] org.apache.catalina.core.ContainerBase.[Tomcat].[localhost].[/] [http-nio-8080-exec-1] Initializing Spring DispatcherServlet 'dispatcherServlet'
2020-06-11 13:00:26,263 [INFO] org.springframework.web.servlet.DispatcherServlet [http-nio-8080-exec-1] Initializing Servlet 'dispatcherServlet'
2020-06-11 13:00:26,271 [INFO] org.springframework.web.servlet.DispatcherServlet [http-nio-8080-exec-1] Completed initialization in 8 ms
2020-06-11 13:00:26,313 [INFO] com.inventory.controller.InventoryController [http-nio-8080-exec-1] Inside get all inventories
2020-06-11 13:05:13,404 [INFO] org.springframework.scheduling.concurrent.ThreadPoolTaskExecutor [Thread-4] Shutting down ExecutorService 'applicationTaskExecutor'
2020-06-11 13:05:13,407 [INFO] org.springframework.orm.jpa.LocalContainerEntityManagerFactoryBean [Thread-4] Closing JPA EntityManagerFactory for persistence unit 'default'
2020-06-11 13:05:13,411 [INFO] com.zaxxer.hikari.HikariDataSource [Thread-4] HikariPool-1 - Shutdown initiated...
2020-06-11 13:05:13,423 [INFO] com.zaxxer.hikari.HikariDataSource [Thread-4] HikariPool-1 - Shutdown completed.
